mode: set
ytb-video-sharing-app-be/internal/repository/account_password_repository.go:21.78,25.2 1 1
ytb-video-sharing-app-be/internal/repository/account_password_repository.go:28.132,32.74 2 1
ytb-video-sharing-app-be/internal/repository/account_password_repository.go:32.74,34.3 1 1
ytb-video-sharing-app-be/internal/repository/account_password_repository.go:36.2,36.12 1 1
ytb-video-sharing-app-be/internal/repository/account_password_repository.go:40.124,46.81 4 1
ytb-video-sharing-app-be/internal/repository/account_password_repository.go:46.81,48.3 1 1
ytb-video-sharing-app-be/internal/repository/account_password_repository.go:50.2,50.24 1 1
ytb-video-sharing-app-be/internal/repository/account_repository.go:30.62,34.2 1 1
ytb-video-sharing-app-be/internal/repository/account_repository.go:37.108,42.96 2 1
ytb-video-sharing-app-be/internal/repository/account_repository.go:42.96,44.3 1 1
ytb-video-sharing-app-be/internal/repository/account_repository.go:46.2,46.12 1 1
ytb-video-sharing-app-be/internal/repository/account_repository.go:50.100,58.16 5 1
ytb-video-sharing-app-be/internal/repository/account_repository.go:58.16,60.3 1 1
ytb-video-sharing-app-be/internal/repository/account_repository.go:62.2,62.16 1 1
ytb-video-sharing-app-be/internal/repository/account_repository.go:66.112,74.16 5 1
ytb-video-sharing-app-be/internal/repository/account_repository.go:74.16,76.3 1 1
ytb-video-sharing-app-be/internal/repository/account_repository.go:78.2,78.16 1 1
ytb-video-sharing-app-be/internal/repository/account_repository.go:82.93,90.16 5 1
ytb-video-sharing-app-be/internal/repository/account_repository.go:90.16,92.3 1 1
ytb-video-sharing-app-be/internal/repository/account_repository.go:94.2,94.16 1 1
ytb-video-sharing-app-be/internal/repository/account_repository.go:98.83,100.2 1 1
ytb-video-sharing-app-be/internal/repository/refresh_token_repository.go:29.72,33.2 1 1
ytb-video-sharing-app-be/internal/repository/refresh_token_repository.go:36.135,44.65 4 1
ytb-video-sharing-app-be/internal/repository/refresh_token_repository.go:44.65,46.3 1 1
ytb-video-sharing-app-be/internal/repository/refresh_token_repository.go:48.2,48.21 1 1
ytb-video-sharing-app-be/internal/repository/refresh_token_repository.go:52.109,57.2 2 1
ytb-video-sharing-app-be/internal/repository/refresh_token_repository.go:60.118,64.2 2 1
ytb-video-sharing-app-be/internal/repository/refresh_token_repository.go:67.127,71.2 2 1
ytb-video-sharing-app-be/internal/repository/test_helpers.go:16.42,23.2 5 1
ytb-video-sharing-app-be/internal/repository/test_helpers.go:25.39,27.2 1 1
