mode: set
ytb-video-sharing-app-be/internal/repository/account_password_repository.go:21.78,25.2 1 1
ytb-video-sharing-app-be/internal/repository/account_password_repository.go:28.132,32.74 2 1
ytb-video-sharing-app-be/internal/repository/account_password_repository.go:32.74,34.3 1 1
ytb-video-sharing-app-be/internal/repository/account_password_repository.go:36.2,36.12 1 1
ytb-video-sharing-app-be/internal/repository/account_password_repository.go:40.124,46.81 4 1
ytb-video-sharing-app-be/internal/repository/account_password_repository.go:46.81,48.3 1 1
ytb-video-sharing-app-be/internal/repository/account_password_repository.go:50.2,50.24 1 1
ytb-video-sharing-app-be/internal/repository/account_repository.go:30.62,34.2 1 1
ytb-video-sharing-app-be/internal/repository/account_repository.go:37.108,42.96 2 1
ytb-video-sharing-app-be/internal/repository/account_repository.go:42.96,44.3 1 1
ytb-video-sharing-app-be/internal/repository/account_repository.go:46.2,46.12 1 1
ytb-video-sharing-app-be/internal/repository/account_repository.go:50.100,58.16 5 1
ytb-video-sharing-app-be/internal/repository/account_repository.go:58.16,60.3 1 1
ytb-video-sharing-app-be/internal/repository/account_repository.go:62.2,62.16 1 1
ytb-video-sharing-app-be/internal/repository/account_repository.go:66.112,74.16 5 1
ytb-video-sharing-app-be/internal/repository/account_repository.go:74.16,76.3 1 1
ytb-video-sharing-app-be/internal/repository/account_repository.go:78.2,78.16 1 1
ytb-video-sharing-app-be/internal/repository/account_repository.go:82.93,90.16 5 1
ytb-video-sharing-app-be/internal/repository/account_repository.go:90.16,92.3 1 1
ytb-video-sharing-app-be/internal/repository/account_repository.go:94.2,94.16 1 1
ytb-video-sharing-app-be/internal/repository/account_repository.go:98.83,100.2 1 1
ytb-video-sharing-app-be/internal/repository/refresh_token_repository.go:29.72,33.2 1 1
ytb-video-sharing-app-be/internal/repository/refresh_token_repository.go:36.135,44.65 4 1
ytb-video-sharing-app-be/internal/repository/refresh_token_repository.go:44.65,46.3 1 1
ytb-video-sharing-app-be/internal/repository/refresh_token_repository.go:48.2,48.21 1 1
ytb-video-sharing-app-be/internal/repository/refresh_token_repository.go:52.109,57.2 2 1
ytb-video-sharing-app-be/internal/repository/refresh_token_repository.go:60.118,64.2 2 1
ytb-video-sharing-app-be/internal/repository/refresh_token_repository.go:67.127,71.2 2 1
ytb-video-sharing-app-be/internal/repository/test_helpers.go:22.55,24.2 1 1
ytb-video-sharing-app-be/internal/repository/test_helpers.go:26.55,28.2 1 0
ytb-video-sharing-app-be/internal/repository/test_helpers.go:30.42,38.2 6 1
ytb-video-sharing-app-be/internal/repository/test_helpers.go:40.39,42.2 1 1
ytb-video-sharing-app-be/internal/repository/video_repository.go:20.58,24.2 1 1
ytb-video-sharing-app-be/internal/repository/video_repository.go:27.110,33.16 3 1
ytb-video-sharing-app-be/internal/repository/video_repository.go:33.16,35.3 1 1
ytb-video-sharing-app-be/internal/repository/video_repository.go:37.2,39.37 2 1
ytb-video-sharing-app-be/internal/repository/video_repository.go:39.37,41.3 1 1
ytb-video-sharing-app-be/internal/repository/video_repository.go:43.2,43.38 1 1
ytb-video-sharing-app-be/internal/repository/video_repository.go:47.97,53.136 3 1
ytb-video-sharing-app-be/internal/repository/video_repository.go:53.136,55.3 1 1
ytb-video-sharing-app-be/internal/repository/video_repository.go:57.2,57.19 1 1
ytb-video-sharing-app-be/internal/repository/video_repository.go:61.111,64.73 3 1
ytb-video-sharing-app-be/internal/repository/video_repository.go:64.73,66.3 1 1
ytb-video-sharing-app-be/internal/repository/video_repository.go:68.2,70.16 3 1
ytb-video-sharing-app-be/internal/repository/video_repository.go:70.16,72.3 1 1
ytb-video-sharing-app-be/internal/repository/video_repository.go:73.2,76.18 3 1
ytb-video-sharing-app-be/internal/repository/video_repository.go:76.18,78.151 2 1
ytb-video-sharing-app-be/internal/repository/video_repository.go:78.151,80.4 1 1
ytb-video-sharing-app-be/internal/repository/video_repository.go:81.3,81.33 1 1
ytb-video-sharing-app-be/internal/repository/video_repository.go:84.2,84.32 1 1
